<?xml version="1.0" encoding="UTF-8"?>
<!-- Generated by org.testng.reporters.JUnitReportReporter -->
<testsuite skipped="0" hostname="LAPTOP-Q127V2HG" name="com.baidu.ImageSearchTest" tests="1" failures="0" timestamp="2023-09-20T12:33:17 GMT+08:00" time="12.708" errors="0">
  <testcase name="testImageSearchAndValidation" time="12.708" classname="com.baidu.ImageSearchTest"/>
  <system-out/>
</testsuite> <!-- com.baidu.ImageSearchTest -->
